<?xml version="1.0" encoding="UTF-8"?>
<robot generator="Robot 5.0.1 (Python 3.8.10 on linux)" generated="20220922 01:37:45.568" rpa="false" schemaversion="3">
<suite id="s1" name="Test" source="/home/akmal/Documents/RF/test.robot">
<test id="s1-t1" name="Open Deriv" line="5">
<kw name="Open Browser" library="SeleniumLibrary">
<arg>https://www.deriv.com</arg>
<arg>chrome</arg>
<doc>Opens a new browser instance to the optional ``url``.</doc>
<msg timestamp="20220922 01:37:45.652" level="INFO">Opening browser 'chrome' to base url 'https://www.deriv.com'.</msg>
<status status="PASS" starttime="20220922 01:37:45.652" endtime="20220922 01:37:47.320"/>
</kw>
<kw name="Close Browser" library="SeleniumLibrary">
<doc>Closes the current browser.</doc>
<status status="PASS" starttime="20220922 01:37:47.320" endtime="20220922 01:37:47.375"/>
</kw>
<status status="PASS" starttime="20220922 01:37:45.651" endtime="20220922 01:37:47.375"/>
</test>
<status status="PASS" starttime="20220922 01:37:45.570" endtime="20220922 01:37:47.376"/>
</suite>
<statistics>
<total>
<stat pass="1" fail="0" skip="0">All Tests</stat>
</total>
<tag>
</tag>
<suite>
<stat pass="1" fail="0" skip="0" id="s1" name="Test">Test</stat>
</suite>
</statistics>
<errors>
</errors>
</robot>
